e:\documents\programmingprojects\cpp\amaranth\amaranth\debug\vc140.pdb
e:\documents\programmingprojects\cpp\amaranth\amaranth\debug\vc140.idb
e:\documents\programmingprojects\cpp\amaranth\amaranth\debug\engine.obj
e:\documents\programmingprojects\cpp\amaranth\amaranth\debug\entity.obj
e:\documents\programmingprojects\cpp\amaranth\amaranth\debug\npc.obj
e:\documents\programmingprojects\cpp\amaranth\amaranth\debug\player.obj
e:\documents\programmingprojects\cpp\amaranth\amaranth\debug\prop.obj
e:\documents\programmingprojects\cpp\amaranth\amaranth\debug\spatialhash.obj
e:\documents\programmingprojects\cpp\amaranth\amaranth\debug\renderer.obj
e:\documents\programmingprojects\cpp\amaranth\amaranth\debug\texture.obj
e:\documents\programmingprojects\cpp\amaranth\amaranth\debug\world.obj
e:\documents\programmingprojects\cpp\amaranth\amaranth\debug\tgaload.obj
e:\documents\programmingprojects\cpp\amaranth\amaranth\debug\engine.obj.enc
e:\documents\programmingprojects\cpp\amaranth\amaranth\debug\spatialhash.obj.enc
e:\documents\programmingprojects\cpp\amaranth\debug\amaranth.pdb
e:\documents\programmingprojects\cpp\amaranth\amaranth\debug\amaranth.tlog\cl.command.1.tlog
e:\documents\programmingprojects\cpp\amaranth\amaranth\debug\amaranth.tlog\cl.read.1.tlog
e:\documents\programmingprojects\cpp\amaranth\amaranth\debug\amaranth.tlog\cl.write.1.tlog
e:\documents\programmingprojects\cpp\amaranth\amaranth\debug\amaranth.tlog\link-cvtres.read.1.tlog
e:\documents\programmingprojects\cpp\amaranth\amaranth\debug\amaranth.tlog\link-cvtres.write.1.tlog
e:\documents\programmingprojects\cpp\amaranth\amaranth\debug\amaranth.tlog\link-rc.read.1.tlog
e:\documents\programmingprojects\cpp\amaranth\amaranth\debug\amaranth.tlog\link-rc.write.1.tlog
e:\documents\programmingprojects\cpp\amaranth\amaranth\debug\amaranth.tlog\link.7316-cvtres.read.1.tlog
e:\documents\programmingprojects\cpp\amaranth\amaranth\debug\amaranth.tlog\link.7316-cvtres.write.1.tlog
e:\documents\programmingprojects\cpp\amaranth\amaranth\debug\amaranth.tlog\link.7316-rc.read.1.tlog
e:\documents\programmingprojects\cpp\amaranth\amaranth\debug\amaranth.tlog\link.7316-rc.write.1.tlog
e:\documents\programmingprojects\cpp\amaranth\amaranth\debug\amaranth.tlog\link.7316.read.1.tlog
e:\documents\programmingprojects\cpp\amaranth\amaranth\debug\amaranth.tlog\link.7316.write.1.tlog
e:\documents\programmingprojects\cpp\amaranth\amaranth\debug\amaranth.tlog\link.command.1.tlog
e:\documents\programmingprojects\cpp\amaranth\amaranth\debug\amaranth.tlog\link.read.1.tlog
e:\documents\programmingprojects\cpp\amaranth\amaranth\debug\amaranth.tlog\link.write.1.tlog
